<?xml version="1.0" encoding="UTF-8"?>
<testsuite name="org.example.AppTest" tests="1" skipped="0" failures="0" errors="0" timestamp="2024-09-17T09:02:42" hostname="DESKTOP-DJ2FHRS" time="0.014">
  <properties/>
  <testcase name="appHasAGreeting" classname="org.example.AppTest" time="0.014"/>
  <system-out><![CDATA[]]></system-out>
  <system-err><![CDATA[]]></system-err>
</testsuite>
